<?xml version="1.0" encoding="UTF-8"?>
<!-- Generated by org.testng.reporters.JUnitReportReporter -->
<testsuite hostname="Lenovo-PC" name="keyword.RunScripts" tests="1" failures="0" timestamp="17 Jul 2016 13:56:28 GMT" time="24.411" errors="0">
  <testcase name="runScripts" time="24.411" classname="keyword.RunScripts"/>
</testsuite> <!-- keyword.RunScripts -->
